<?xml version="1.0" encoding="UTF-8"?>
<!-- Generated by org.testng.reporters.JUnitReportReporter -->
<testsuite skipped="2" hostname="LAPTOP-D487ETE2" name="E_Commerce.MyStore.HomePageTest" tests="3" failures="0" timestamp="2022-09-01T21:48:03 IST" time="0.015" errors="0">
  <testcase name="t1" time="0.015" classname="E_Commerce.MyStore.HomePageTest"/>
  <testcase name="verifySignInMenu" classname="E_Commerce.MyStore.HomePageTest">
    <skipped/>
  </testcase> <!-- verifySignInMenu -->
  <testcase name="verifyHomePageMenuTest" classname="E_Commerce.MyStore.HomePageTest">
    <skipped/>
  </testcase> <!-- verifyHomePageMenuTest -->
</testsuite> <!-- E_Commerce.MyStore.HomePageTest -->
