<?xml version="1.0" encoding="UTF-8"?>
<!-- Generated by org.testng.reporters.JUnitReportReporter -->
<testsuite skipped="0" hostname="LAPTOP-D487ETE2" name="E_Commerce.MyStore.NewRegistrationTest" tests="1" failures="0" timestamp="2022-09-03T23:20:22 IST" time="12.318" errors="0">
  <testcase name="verifyUserRegistration" time="12.318" classname="E_Commerce.MyStore.NewRegistrationTest"/>
</testsuite> <!-- E_Commerce.MyStore.NewRegistrationTest -->
