<?xml version="1.0" encoding="UTF-8"?>
<!-- Generated by org.testng.reporters.JUnitReportReporter -->
<testsuite skipped="0" hostname="LAPTOP-D487ETE2" name="E_Commerce.MyStore.SelectProductTest" tests="1" failures="0" timestamp="2022-09-03T20:08:08 IST" time="15.439" errors="0">
  <testcase name="verifyselectProduct" time="15.439" classname="E_Commerce.MyStore.SelectProductTest"/>
</testsuite> <!-- E_Commerce.MyStore.SelectProductTest -->
