<?xml version="1.0" encoding="UTF-8"?>
<!-- Generated by org.testng.reporters.JUnitReportReporter -->
<testsuite skipped="0" hostname="LAPTOP-D487ETE2" name="E_Commerce.MyStore.LoginTest" tests="1" failures="0" timestamp="2022-09-03T21:42:49 IST" time="9.081" errors="0">
  <testcase name="verifyLoginWithValidUser" time="9.081" classname="E_Commerce.MyStore.LoginTest"/>
</testsuite> <!-- E_Commerce.MyStore.LoginTest -->
