<?xml version="1.0" encoding="UTF-8"?>
<!-- Generated by org.testng.reporters.JUnitReportReporter -->
<testsuite skipped="0" hostname="LAPTOP-D487ETE2" name="E_Commerce.MyStore.AddProductToCartTest" tests="1" failures="0" timestamp="2022-09-03T22:04:01 IST" time="15.285" errors="0">
  <testcase name="verifyAddProductToCart" time="15.285" classname="E_Commerce.MyStore.AddProductToCartTest"/>
</testsuite> <!-- E_Commerce.MyStore.AddProductToCartTest -->
