<?xml version="1.0" encoding="UTF-8"?>
<!-- Generated by org.testng.reporters.JUnitReportReporter -->
<testsuite skipped="0" hostname="LAPTOP-D487ETE2" name="E_Commerce.MyStore.HomePageTest" tests="1" failures="0" timestamp="2022-09-03T23:20:22 IST" time="0.052" errors="0">
  <testcase name="verifyHomePageMenuTest" time="0.052" classname="E_Commerce.MyStore.HomePageTest"/>
</testsuite> <!-- E_Commerce.MyStore.HomePageTest -->
